Build started 4/13/2017 11:04:49 AM.
     1>Project "C:\Users\DT300164\Desktop\C-Repository\Triangles3.7\Triangles3.7\Triangles3.7.vcxproj" on node 2 (Build target(s)).
     1>ClCompile:
         C:\Program Files (x86)\Microsoft Visual Studio 12.0\VC\bin\CL.exe /c /ZI /nologo /W3 /WX- /sdl /Od /Oy- /D WIN32 /D _DEBUG /D _CONSOLE /D _LIB /D _UNICODE /D UNICODE /Gm /EHsc /RTC1 /MDd /GS /fp:precise /Zc:wchar_t /Zc:forScope /Fo"Debug\\" /Fd"Debug\vc120.pdb" /Gd /TP /analyze- /errorReport:prompt Source.cpp
         Source.cpp
     1>c:\users\dt300164\desktop\c-repository\triangles3.7\triangles3.7\source.cpp(30): warning C4244: '=' : conversion from 'double' to 'int', possible loss of data
     1>c:\users\dt300164\desktop\c-repository\triangles3.7\triangles3.7\source.cpp(44): warning C4244: '=' : conversion from 'double' to 'int', possible loss of data
     1>c:\users\dt300164\desktop\c-repository\triangles3.7\triangles3.7\source.cpp(55): warning C4244: '=' : conversion from 'double' to 'int', possible loss of data
     1>c:\users\dt300164\desktop\c-repository\triangles3.7\triangles3.7\source.cpp(74): warning C4244: '=' : conversion from 'double' to 'int', possible loss of data
     1>c:\users\dt300164\desktop\c-repository\triangles3.7\triangles3.7\source.cpp(86): warning C4244: '=' : conversion from 'double' to 'int', possible loss of data
     1>c:\users\dt300164\desktop\c-repository\triangles3.7\triangles3.7\source.cpp(98): warning C4244: '=' : conversion from 'double' to 'int', possible loss of data
     1>c:\users\dt300164\desktop\c-repository\triangles3.7\triangles3.7\source.cpp(120): warning C4244: '=' : conversion from 'double' to 'int', possible loss of data
     1>c:\users\dt300164\desktop\c-repository\triangles3.7\triangles3.7\source.cpp(131): warning C4244: '=' : conversion from 'double' to 'int', possible loss of data
     1>c:\users\dt300164\desktop\c-repository\triangles3.7\triangles3.7\source.cpp(143): warning C4244: '=' : conversion from 'double' to 'int', possible loss of data
       Link:
         C:\Program Files (x86)\Microsoft Visual Studio 12.0\VC\bin\link.exe /ERRORREPORT:PROMPT /OUT:"C:\Users\DT300164\Desktop\C-Repository\Triangles3.7\Debug\Triangles3.7.exe" /INCREMENTAL /NOLOGO kernel32.lib user32.lib gdi32.lib winspool.lib comdlg32.lib advapi32.lib shell32.lib ole32.lib oleaut32.lib uuid.lib odbc32.lib odbccp32.lib /MANIFEST /MANIFESTUAC:"level='asInvoker' uiAccess='false'" /manifest:embed /DEBUG /PDB:"C:\Users\DT300164\Desktop\C-Repository\Triangles3.7\Debug\Triangles3.7.pdb" /SUBSYSTEM:CONSOLE /TLBID:1 /DYNAMICBASE /NXCOMPAT /IMPLIB:"C:\Users\DT300164\Desktop\C-Repository\Triangles3.7\Debug\Triangles3.7.lib" /MACHINE:X86 Debug\Source.obj
         Triangles3.7.vcxproj -> C:\Users\DT300164\Desktop\C-Repository\Triangles3.7\Debug\Triangles3.7.exe
     1>Done Building Project "C:\Users\DT300164\Desktop\C-Repository\Triangles3.7\Triangles3.7\Triangles3.7.vcxproj" (Build target(s)).

Build succeeded.

Time Elapsed 00:00:01.63
